Start testing: Jun 25 10:14 CEST
----------------------------------------------------------
6/10 Testing: test_dependency/tests.load_grid_parallel.release.executable
6/10 Test: test_dependency/tests.load_grid_parallel.release.executable
Command: "/usr/bin/cmake" "-DTRGT=test_dependency.tests.load_grid_parallel.release.executable" "-DTEST=test_dependency/tests.load_grid_parallel.release.executable" "-DEXPECT=PASSED" "-DBINARY_DIR=/home/raksha/gmsh-dealii-interface" "-P" "/home/raksha/dealii/install/share/deal.II/scripts/run_test.cmake"
Directory: /home/raksha/gmsh-dealii-interface/tests/load_grid_parallel.release/mpirun=2
"test_dependency/tests.load_grid_parallel.release.executable" start time: Jun 25 10:14 CEST
Output:
----------------------------------------------------------
Test test_dependency/tests.load_grid_parallel.release.executable: PASSED
===============================   OUTPUT BEGIN  ===============================
test_dependency/tests.load_grid_parallel.release.executable: PASSED.
===============================    OUTPUT END   ===============================
<end of output>
Test time =   0.14 sec
----------------------------------------------------------
Test Passed.
"test_dependency/tests.load_grid_parallel.release.executable" end time: Jun 25 10:14 CEST
"test_dependency/tests.load_grid_parallel.release.executable" time elapsed: 00:00:00
----------------------------------------------------------

7/10 Testing: tests/load_grid_parallel.mpirun=2.release
7/10 Test: tests/load_grid_parallel.mpirun=2.release
Command: "/usr/bin/cmake" "-DTRGT=tests.load_grid_parallel.mpirun2.release.test" "-DTEST=tests/load_grid_parallel.mpirun=2.release" "-DEXPECT=PASSED" "-DBINARY_DIR=/home/raksha/gmsh-dealii-interface" "-P" "/home/raksha/dealii/install/share/deal.II/scripts/run_test.cmake"
Directory: /home/raksha/gmsh-dealii-interface/tests/load_grid_parallel.release/mpirun=2
"tests/load_grid_parallel.mpirun=2.release" start time: Jun 25 10:14 CEST
Output:
----------------------------------------------------------
gmake[3]: *** [tests/CMakeFiles/tests.load_grid_parallel.mpirun2.release.test.dir/build.make:83: tests/load_grid_parallel.release/mpirun=2/output] Error 1
gmake[2]: *** [CMakeFiles/Makefile2:646: tests/CMakeFiles/tests.load_grid_parallel.mpirun2.release.test.dir/all] Error 2
gmake[1]: *** [CMakeFiles/Makefile2:653: tests/CMakeFiles/tests.load_grid_parallel.mpirun2.release.test.dir/rule] Error 2
gmake: *** [Makefile:381: tests.load_grid_parallel.mpirun2.release.test] Error 2
Test tests/load_grid_parallel.mpirun=2.release: RUN
===============================   OUTPUT BEGIN  ===============================
[ 33%] Built target bare_3d
[ 66%] Built target tests.load_grid_parallel.release
[ 83%] Normalizing test output file /home/raksha/gmsh-dealii-interface/tests/load_grid_parallel.release/mpirun=2/output
tests/load_grid_parallel.mpirun=2.release: BUILD successful.
tests/load_grid_parallel.mpirun=2.release: RUN failed. ------ Return code 139
tests/load_grid_parallel.mpirun=2.release: RUN failed. ------ Result: /home/raksha/gmsh-dealii-interface/tests/load_grid_parallel.release/mpirun=2/failing_output
tests/load_grid_parallel.mpirun=2.release: RUN failed. ------ Partial output:

tests/load_grid_parallel.mpirun=2.release: RUN failed. ------ Additional output on stdout/stderr:

--------------------------------------------------------------------------
Primary job  terminated normally, but 1 process returned
a non-zero exit code. Per user-direction, the job has been aborted.
--------------------------------------------------------------------------
--------------------------------------------------------------------------
mpiexec noticed that process rank 1 with PID 0 on node raksha-Inspiron-5490 exited on signal 11 (Segmentation fault).
--------------------------------------------------------------------------


tests/load_grid_parallel.mpirun=2.release: ******    RUN failed    *******

===============================    OUTPUT END   ===============================
Expected stage PASSED - aborting
CMake Error at /home/raksha/dealii/install/share/deal.II/scripts/run_test.cmake:115 (message):
  *** abort


<end of output>
Test time =   1.79 sec
----------------------------------------------------------
Test Failed.
"tests/load_grid_parallel.mpirun=2.release" end time: Jun 25 10:14 CEST
"tests/load_grid_parallel.mpirun=2.release" time elapsed: 00:00:01
----------------------------------------------------------

8/10 Testing: tests/load_grid_parallel.release
8/10 Test: tests/load_grid_parallel.release
Command: "/usr/bin/cmake" "-DTRGT=tests.load_grid_parallel.release.test" "-DTEST=tests/load_grid_parallel.release" "-DEXPECT=PASSED" "-DBINARY_DIR=/home/raksha/gmsh-dealii-interface" "-P" "/home/raksha/dealii/install/share/deal.II/scripts/run_test.cmake"
Directory: /home/raksha/gmsh-dealii-interface/tests/load_grid_parallel.release/serial
"tests/load_grid_parallel.release" start time: Jun 25 10:14 CEST
Output:
----------------------------------------------------------
/home/raksha/dealii/install/share/deal.II/scripts/run_test.sh: line 34: 11384 Segmentation fault      (core dumped) "$@" > stdout 2>&1
gmake[3]: *** [tests/CMakeFiles/tests.load_grid_parallel.release.test.dir/build.make:83: tests/load_grid_parallel.release/serial/output] Error 1
gmake[2]: *** [CMakeFiles/Makefile2:672: tests/CMakeFiles/tests.load_grid_parallel.release.test.dir/all] Error 2
gmake[1]: *** [CMakeFiles/Makefile2:679: tests/CMakeFiles/tests.load_grid_parallel.release.test.dir/rule] Error 2
gmake: *** [Makefile:394: tests.load_grid_parallel.release.test] Error 2
Test tests/load_grid_parallel.release: RUN
===============================   OUTPUT BEGIN  ===============================
[ 33%] Built target bare_3d
[ 66%] Built target tests.load_grid_parallel.release
[ 83%] Normalizing test output file /home/raksha/gmsh-dealii-interface/tests/load_grid_parallel.release/serial/output
tests/load_grid_parallel.release: BUILD successful.
tests/load_grid_parallel.release: RUN failed. ------ Return code 139
tests/load_grid_parallel.release: RUN failed. ------ Result: /home/raksha/gmsh-dealii-interface/tests/load_grid_parallel.release/serial/failing_output
tests/load_grid_parallel.release: RUN failed. ------ Partial output:

tests/load_grid_parallel.release: RUN failed. ------ Additional output on stdout/stderr:



tests/load_grid_parallel.release: ******    RUN failed    *******

===============================    OUTPUT END   ===============================
Expected stage PASSED - aborting
CMake Error at /home/raksha/dealii/install/share/deal.II/scripts/run_test.cmake:115 (message):
  *** abort


<end of output>
Test time =   0.77 sec
----------------------------------------------------------
Test Failed.
"tests/load_grid_parallel.release" end time: Jun 25 10:14 CEST
"tests/load_grid_parallel.release" time elapsed: 00:00:00
----------------------------------------------------------

End testing: Jun 25 10:14 CEST
